   [SENTINEL] Kontrola integrity jádra...
   [SENTINEL] [1;32mSystem Integrity: 100%[0m
--- HUNTER v3.0: Active Fingerprinting (10.55.121.0/24) ---
[1;33m⏳ Hledám živé cíle (Ping scan)...[0m
Traceback (most recent call last):
  File "/data/data/com.termux/files/home/OmegaCore/omega_lan_reaper.py", line 121, in <module>
    scan_network()
  File "/data/data/com.termux/files/home/OmegaCore/omega_lan_reaper.py", line 68, in scan_network
    result = subprocess.run(
             ^^^^^^^^^^^^^^^
  File "/data/data/com.termux/files/usr/lib/python3.12/subprocess.py", line 550, in run
    stdout, stderr = process.communicate(input, timeout=timeout)
                     ^^^^^^^^^^^^^^^^^^^^^^^^^^^^^^^^^^^^^^^^^^^
  File "/data/data/com.termux/files/usr/lib/python3.12/subprocess.py", line 1209, in communicate
    stdout, stderr = self._communicate(input, endtime, timeout)
                     ^^^^^^^^^^^^^^^^^^^^^^^^^^^^^^^^^^^^^^^^^^
  File "/data/data/com.termux/files/usr/lib/python3.12/subprocess.py", line 2113, in _communicate
    ready = selector.select(timeout)
            ^^^^^^^^^^^^^^^^^^^^^^^^
  File "/data/data/com.termux/files/usr/lib/python3.12/selectors.py", line 415, in select
    fd_event_list = self._selector.poll(timeout)
                    ^^^^^^^^^^^^^^^^^^^^^^^^^^^^
KeyboardInterrupt
